The smallest difference between fluData and the calibrated infection model is: 
532
best: 
finalInfected[1] = 3
finalInfected[2] = 8
finalInfected[3] = 22
finalInfected[4] = 59
finalInfected[5] = 149
finalInfected[6] = 323
finalInfected[7] = 466
finalInfected[8] = 258
finalInfected[9] = 129
finalInfected[10] = 65
finalInfected[11] = 33
finalInfected[12] = 17
finalInfected[13] = 9
finalInfected[14] = 5
finalSusceptible[1] = 763
finalSusceptible[2] = 756
finalSusceptible[3] = 738
finalSusceptible[4] = 690
finalSusceptible[5] = 571
finalSusceptible[6] = 322
finalSusceptible[7] = 18
finalSusceptible[8] = 0
finalSusceptible[9] = 0
finalSusceptible[10] = 0
finalSusceptible[11] = 0
finalSusceptible[12] = 0
finalSusceptible[13] = 0
finalSusceptible[14] = 0
finalRecovered[1] = 0
finalRecovered[2] = 2
finalRecovered[3] = 6
finalRecovered[4] = 17
finalRecovered[5] = 47
finalRecovered[6] = 122
finalRecovered[7] = 284
finalRecovered[8] = 517
finalRecovered[9] = 646
finalRecovered[10] = 711
finalRecovered[11] = 744
finalRecovered[12] = 761
finalRecovered[13] = 770
finalRecovered[14] = 775
days: 2.0
contagion: 0.046692397912488
contacts: 48.0
total: 766
alpha: 0.0029258943861611
beta: 0.5
