Running simulation 1/391 (Maximum = 100)
Simulation finished in less than one second
Estimated time to finish all simulations: 09:08 (less than one second)
Running simulation 2/391 (Maximum = 110)
Simulation finished in less than one second
Estimated time to finish all simulations: 09:08 (less than one second)
Running simulation 3/391 (Maximum = 120)
Simulation finished in less than one second
Estimated time to finish all simulations: 09:08 (less than one second)
Running simulation 4/391 (Maximum = 130)
Simulation finished in less than one second
Estimated time to finish all simulations: 09:08 (less than one second)
Running simulation 5/391 (Maximum = 140)
Simulation finished in less than one second
Estimated time to finish all simulations: 09:08 (1 second)
Running simulation 6/391 (Maximum = 150)
Simulation finished in less than one second
Estimated time to finish all simulations: 09:08 (1 second)
Running simulation 7/391 (Maximum = 160)
Simulation finished in less than one second
Estimated time to finish all simulations: 09:08 (1 second)
Running simulation 8/391 (Maximum = 170)
Simulation finished in less than one second
Estimated time to finish all simulations: 09:08 (less than one second)
Running simulation 9/391 (Maximum = 180)
Simulation finished in less than one second
Estimated time to finish all simulations: 09:08 (less than one second)
Running simulation 10/391 (Maximum = 190)
Simulation finished in less than one second
Estimated time to finish all simulations: 09:08 (less than one second)
Running simulation 11/391 (Maximum = 200)
Simulation finished in less than one second
Estimated time to finish all simulations: 09:08 (less than one second)
Running simulation 12/391 (Maximum = 210)
Simulation finished in less than one second
Estimated time to finish all simulations: 09:08 (less than one second)
Running simulation 13/391 (Maximum = 220)
Simulation finished in less than one second
Estimated time to finish all simulations: 09:08 (less than one second)
Running simulation 14/391 (Maximum = 230)
Simulation finished in less than one second
Estimated time to finish all simulations: 09:08 (1 second)
Running simulation 15/391 (Maximum = 240)
Simulation finished in less than one second
Estimated time to finish all simulations: 09:08 (1 second)
Running simulation 16/391 (Maximum = 250)
Simulation finished in less than one second
Estimated time to finish all simulations: 09:08 (less than one second)
Running simulation 17/391 (Maximum = 260)
Simulation finished in less than one second
Estimated time to finish all simulations: 09:08 (less than one second)
Running simulation 18/391 (Maximum = 270)
Simulation finished in less than one second
Estimated time to finish all simulations: 09:08 (less than one second)
Running simulation 19/391 (Maximum = 280)
Simulation finished in less than one second
Estimated time to finish all simulations: 09:08 (less than one second)
Running simulation 20/391 (Maximum = 290)
Simulation finished in less than one second
Estimated time to finish all simulations: 09:08 (less than one second)
Running simulation 21/391 (Maximum = 300)
Simulation finished in less than one second
Estimated time to finish all simulations: 09:08 (1 second)
Running simulation 22/391 (Maximum = 310)
Simulation finished in less than one second
Estimated time to finish all simulations: 09:08 (1 second)
Running simulation 23/391 (Maximum = 320)
Simulation finished in less than one second
Estimated time to finish all simulations: 09:08 (1 second)
Running simulation 24/391 (Maximum = 330)
Simulation finished in less than one second
Estimated time to finish all simulations: 09:08 (less than one second)
Running simulation 25/391 (Maximum = 340)
Simulation finished in less than one second
Estimated time to finish all simulations: 09:08 (less than one second)
Running simulation 26/391 (Maximum = 350)
Simulation finished in less than one second
Estimated time to finish all simulations: 09:08 (less than one second)
Running simulation 27/391 (Maximum = 360)
Simulation finished in less than one second
Estimated time to finish all simulations: 09:08 (less than one second)
Running simulation 28/391 (Maximum = 370)
Simulation finished in less than one second
Estimated time to finish all simulations: 09:08 (less than one second)
Running simulation 29/391 (Maximum = 380)
Simulation finished in less than one second
Estimated time to finish all simulations: 09:08 (1 second)
Running simulation 30/391 (Maximum = 390)
Simulation finished in less than one second
Estimated time to finish all simulations: 09:08 (1 second)
Running simulation 31/391 (Maximum = 400)
Simulation finished in less than one second
Estimated time to finish all simulations: 09:08 (1 second)
Running simulation 32/391 (Maximum = 410)
Simulation finished in less than one second
Estimated time to finish all simulations: 09:08 (less than one second)
Running simulation 33/391 (Maximum = 420)
Simulation finished in less than one second
Estimated time to finish all simulations: 09:08 (less than one second)
Running simulation 34/391 (Maximum = 430)
Simulation finished in less than one second
Estimated time to finish all simulations: 09:08 (less than one second)
Running simulation 35/391 (Maximum = 440)
Simulation finished in less than one second
Estimated time to finish all simulations: 09:08 (less than one second)
Running simulation 36/391 (Maximum = 450)
Simulation finished in less than one second
Estimated time to finish all simulations: 09:08 (less than one second)
Running simulation 37/391 (Maximum = 460)
Simulation finished in less than one second
Estimated time to finish all simulations: 09:08 (1 second)
Running simulation 38/391 (Maximum = 470)
Simulation finished in less than one second
Estimated time to finish all simulations: 09:08 (1 second)
Running simulation 39/391 (Maximum = 480)
Simulation finished in less than one second
Estimated time to finish all simulations: 09:08 (1 second)
Running simulation 40/391 (Maximum = 490)
Simulation finished in less than one second
Estimated time to finish all simulations: 09:08 (less than one second)
Running simulation 41/391 (Maximum = 500)
Simulation finished in less than one second
Estimated time to finish all simulations: 09:08 (less than one second)
Running simulation 42/391 (Maximum = 510)
Simulation finished in less than one second
Estimated time to finish all simulations: 09:08 (less than one second)
Running simulation 43/391 (Maximum = 520)
Simulation finished in less than one second
Estimated time to finish all simulations: 09:08 (less than one second)
Running simulation 44/391 (Maximum = 530)
Simulation finished in less than one second
Estimated time to finish all simulations: 09:08 (less than one second)
Running simulation 45/391 (Maximum = 540)
Simulation finished in less than one second
Estimated time to finish all simulations: 09:08 (1 second)
Running simulation 46/391 (Maximum = 550)
Simulation finished in less than one second
Estimated time to finish all simulations: 09:08 (1 second)
Running simulation 47/391 (Maximum = 560)
Simulation finished in less than one second
Estimated time to finish all simulations: 09:08 (less than one second)
Running simulation 48/391 (Maximum = 570)
Simulation finished in less than one second
Estimated time to finish all simulations: 09:08 (less than one second)
Running simulation 49/391 (Maximum = 580)
Simulation finished in less than one second
Estimated time to finish all simulations: 09:08 (less than one second)
Running simulation 50/391 (Maximum = 590)
Simulation finished in less than one second
Estimated time to finish all simulations: 09:08 (less than one second)
Running simulation 51/391 (Maximum = 600)
Simulation finished in less than one second
Estimated time to finish all simulations: 09:08 (less than one second)
Running simulation 52/391 (Maximum = 610)
Simulation finished in less than one second
Estimated time to finish all simulations: 09:08 (less than one second)
Running simulation 53/391 (Maximum = 620)
Simulation finished in less than one second
Estimated time to finish all simulations: 09:08 (1 second)
Running simulation 54/391 (Maximum = 630)
Simulation finished in less than one second
Estimated time to finish all simulations: 09:08 (1 second)
Running simulation 55/391 (Maximum = 640)
Simulation finished in less than one second
Estimated time to finish all simulations: 09:08 (less than one second)
Running simulation 56/391 (Maximum = 650)
Simulation finished in less than one second
Estimated time to finish all simulations: 09:08 (less than one second)
Running simulation 57/391 (Maximum = 660)
Simulation finished in less than one second
Estimated time to finish all simulations: 09:08 (less than one second)
Running simulation 58/391 (Maximum = 670)
Simulation finished in less than one second
Estimated time to finish all simulations: 09:08 (less than one second)
Running simulation 59/391 (Maximum = 680)
Simulation finished in less than one second
Estimated time to finish all simulations: 09:08 (less than one second)
Running simulation 60/391 (Maximum = 690)
Simulation finished in less than one second
Estimated time to finish all simulations: 09:08 (less than one second)
Running simulation 61/391 (Maximum = 700)
Simulation finished in less than one second
Estimated time to finish all simulations: 09:08 (1 second)
Running simulation 62/391 (Maximum = 710)
Simulation finished in less than one second
Estimated time to finish all simulations: 09:08 (1 second)
Running simulation 63/391 (Maximum = 720)
Simulation finished in less than one second
Estimated time to finish all simulations: 09:08 (less than one second)
Running simulation 64/391 (Maximum = 730)
Simulation finished in less than one second
Estimated time to finish all simulations: 09:08 (less than one second)
Running simulation 65/391 (Maximum = 740)
Simulation finished in less than one second
Estimated time to finish all simulations: 09:08 (less than one second)
Running simulation 66/391 (Maximum = 750)
Simulation finished in less than one second
Estimated time to finish all simulations: 09:08 (less than one second)
Running simulation 67/391 (Maximum = 760)
Simulation finished in less than one second
Estimated time to finish all simulations: 09:08 (less than one second)
Running simulation 68/391 (Maximum = 770)
Simulation finished in less than one second
Estimated time to finish all simulations: 09:08 (1 second)
Running simulation 69/391 (Maximum = 780)
Simulation finished in less than one second
Estimated time to finish all simulations: 09:08 (1 second)
Running simulation 70/391 (Maximum = 790)
Simulation finished in less than one second
Estimated time to finish all simulations: 09:08 (1 second)
Running simulation 71/391 (Maximum = 800)
Simulation finished in less than one second
Estimated time to finish all simulations: 09:08 (less than one second)
Running simulation 72/391 (Maximum = 810)
Simulation finished in less than one second
Estimated time to finish all simulations: 09:08 (less than one second)
Running simulation 73/391 (Maximum = 820)
Simulation finished in less than one second
Estimated time to finish all simulations: 09:08 (less than one second)
Running simulation 74/391 (Maximum = 830)
Simulation finished in less than one second
Estimated time to finish all simulations: 09:08 (less than one second)
Running simulation 75/391 (Maximum = 840)
Simulation finished in less than one second
Estimated time to finish all simulations: 09:08 (less than one second)
Running simulation 76/391 (Maximum = 850)
Simulation finished in less than one second
Estimated time to finish all simulations: 09:08 (1 second)
Running simulation 77/391 (Maximum = 860)
Simulation finished in less than one second
Estimated time to finish all simulations: 09:08 (1 second)
Running simulation 78/391 (Maximum = 870)
Simulation finished in less than one second
Estimated time to finish all simulations: 09:08 (1 second)
Running simulation 79/391 (Maximum = 880)
Simulation finished in less than one second
Estimated time to finish all simulations: 09:08 (less than one second)
Running simulation 80/391 (Maximum = 890)
Simulation finished in less than one second
Estimated time to finish all simulations: 09:08 (less than one second)
Running simulation 81/391 (Maximum = 900)
Simulation finished in less than one second
Estimated time to finish all simulations: 09:08 (less than one second)
Running simulation 82/391 (Maximum = 910)
Simulation finished in less than one second
Estimated time to finish all simulations: 09:08 (less than one second)
Running simulation 83/391 (Maximum = 920)
Simulation finished in less than one second
Estimated time to finish all simulations: 09:08 (less than one second)
Running simulation 84/391 (Maximum = 930)
Simulation finished in less than one second
Estimated time to finish all simulations: 09:08 (1 second)
Running simulation 85/391 (Maximum = 940)
Simulation finished in less than one second
Estimated time to finish all simulations: 09:08 (1 second)
Running simulation 86/391 (Maximum = 950)
Simulation finished in less than one second
Estimated time to finish all simulations: 09:08 (1 second)
Running simulation 87/391 (Maximum = 960)
Simulation finished in less than one second
Estimated time to finish all simulations: 09:08 (less than one second)
Running simulation 88/391 (Maximum = 970)
Simulation finished in less than one second
Estimated time to finish all simulations: 09:08 (less than one second)
Running simulation 89/391 (Maximum = 980)
Simulation finished in less than one second
Estimated time to finish all simulations: 09:08 (less than one second)
Running simulation 90/391 (Maximum = 990)
Simulation finished in less than one second
Estimated time to finish all simulations: 09:08 (less than one second)
Running simulation 91/391 (Maximum = 1000)
Simulation finished in less than one second
Estimated time to finish all simulations: 09:08 (less than one second)
Running simulation 92/391 (Maximum = 1010)
Simulation finished in less than one second
Estimated time to finish all simulations: 09:08 (1 second)
Running simulation 93/391 (Maximum = 1020)
Simulation finished in less than one second
Estimated time to finish all simulations: 09:08 (1 second)
Running simulation 94/391 (Maximum = 1030)
Simulation finished in less than one second
Estimated time to finish all simulations: 09:08 (less than one second)
Running simulation 95/391 (Maximum = 1040)
Simulation finished in less than one second
Estimated time to finish all simulations: 09:08 (less than one second)
Running simulation 96/391 (Maximum = 1050)
Simulation finished in less than one second
Estimated time to finish all simulations: 09:08 (less than one second)
Running simulation 97/391 (Maximum = 1060)
Simulation finished in less than one second
Estimated time to finish all simulations: 09:08 (less than one second)
Running simulation 98/391 (Maximum = 1070)
Simulation finished in less than one second
Estimated time to finish all simulations: 09:08 (less than one second)
Running simulation 99/391 (Maximum = 1080)
Simulation finished in less than one second
Estimated time to finish all simulations: 09:08 (less than one second)
Running simulation 100/391 (Maximum = 1090)
Simulation finished in less than one second
Estimated time to finish all simulations: 09:08 (1 second)
Running simulation 101/391 (Maximum = 1100)
Simulation finished in less than one second
Estimated time to finish all simulations: 09:08 (1 second)
Running simulation 102/391 (Maximum = 1110)
Simulation finished in less than one second
Estimated time to finish all simulations: 09:08 (less than one second)
Running simulation 103/391 (Maximum = 1120)
Simulation finished in less than one second
Estimated time to finish all simulations: 09:08 (less than one second)
Running simulation 104/391 (Maximum = 1130)
Simulation finished in less than one second
Estimated time to finish all simulations: 09:08 (less than one second)
Running simulation 105/391 (Maximum = 1140)
Simulation finished in less than one second
Estimated time to finish all simulations: 09:08 (less than one second)
Running simulation 106/391 (Maximum = 1150)
Simulation finished in less than one second
Estimated time to finish all simulations: 09:08 (less than one second)
Running simulation 107/391 (Maximum = 1160)
Simulation finished in less than one second
Estimated time to finish all simulations: 09:08 (less than one second)
Running simulation 108/391 (Maximum = 1170)
Simulation finished in less than one second
Estimated time to finish all simulations: 09:08 (less than one second)
Running simulation 109/391 (Maximum = 1180)
Simulation finished in less than one second
Estimated time to finish all simulations: 09:08 (less than one second)
Running simulation 110/391 (Maximum = 1190)
Simulation finished in less than one second
Estimated time to finish all simulations: 09:08 (less than one second)
Running simulation 111/391 (Maximum = 1200)
Simulation finished in less than one second
Estimated time to finish all simulations: 09:08 (less than one second)
Running simulation 112/391 (Maximum = 1210)
Simulation finished in less than one second
Estimated time to finish all simulations: 09:08 (less than one second)
Running simulation 113/391 (Maximum = 1220)
Simulation finished in less than one second
Estimated time to finish all simulations: 09:08 (less than one second)
Running simulation 114/391 (Maximum = 1230)
Simulation finished in less than one second
Estimated time to finish all simulations: 09:08 (less than one second)
Running simulation 115/391 (Maximum = 1240)
Simulation finished in less than one second
Estimated time to finish all simulations: 09:08 (less than one second)
Running simulation 116/391 (Maximum = 1250)
Simulation finished in less than one second
Estimated time to finish all simulations: 09:08 (less than one second)
Running simulation 117/391 (Maximum = 1260)
Simulation finished in less than one second
Estimated time to finish all simulations: 09:08 (less than one second)
Running simulation 118/391 (Maximum = 1270)
Simulation finished in less than one second
Estimated time to finish all simulations: 09:08 (less than one second)
Running simulation 119/391 (Maximum = 1280)
Simulation finished in less than one second
Estimated time to finish all simulations: 09:08 (less than one second)
Running simulation 120/391 (Maximum = 1290)
Simulation finished in less than one second
Estimated time to finish all simulations: 09:08 (less than one second)
Running simulation 121/391 (Maximum = 1300)
Simulation finished in less than one second
Estimated time to finish all simulations: 09:08 (less than one second)
Running simulation 122/391 (Maximum = 1310)
Simulation finished in less than one second
Estimated time to finish all simulations: 09:08 (less than one second)
Running simulation 123/391 (Maximum = 1320)
Simulation finished in less than one second
Estimated time to finish all simulations: 09:08 (less than one second)
Running simulation 124/391 (Maximum = 1330)
Simulation finished in less than one second
Estimated time to finish all simulations: 09:08 (less than one second)
Running simulation 125/391 (Maximum = 1340)
Simulation finished in less than one second
Estimated time to finish all simulations: 09:08 (less than one second)
Running simulation 126/391 (Maximum = 1350)
Simulation finished in less than one second
Estimated time to finish all simulations: 09:08 (less than one second)
Running simulation 127/391 (Maximum = 1360)
Simulation finished in less than one second
Estimated time to finish all simulations: 09:08 (less than one second)
Running simulation 128/391 (Maximum = 1370)
Simulation finished in less than one second
Estimated time to finish all simulations: 09:08 (less than one second)
Running simulation 129/391 (Maximum = 1380)
Simulation finished in less than one second
Estimated time to finish all simulations: 09:08 (less than one second)
Running simulation 130/391 (Maximum = 1390)
Simulation finished in less than one second
Estimated time to finish all simulations: 09:08 (less than one second)
Running simulation 131/391 (Maximum = 1400)
Simulation finished in less than one second
Estimated time to finish all simulations: 09:08 (less than one second)
Running simulation 132/391 (Maximum = 1410)
Simulation finished in less than one second
Estimated time to finish all simulations: 09:08 (less than one second)
Running simulation 133/391 (Maximum = 1420)
Simulation finished in less than one second
Estimated time to finish all simulations: 09:08 (less than one second)
Running simulation 134/391 (Maximum = 1430)
Simulation finished in less than one second
Estimated time to finish all simulations: 09:08 (less than one second)
Running simulation 135/391 (Maximum = 1440)
Simulation finished in less than one second
Estimated time to finish all simulations: 09:08 (less than one second)
Running simulation 136/391 (Maximum = 1450)
Simulation finished in less than one second
Estimated time to finish all simulations: 09:08 (less than one second)
Running simulation 137/391 (Maximum = 1460)
Simulation finished in less than one second
Estimated time to finish all simulations: 09:08 (less than one second)
Running simulation 138/391 (Maximum = 1470)
Simulation finished in less than one second
Estimated time to finish all simulations: 09:08 (less than one second)
Running simulation 139/391 (Maximum = 1480)
Simulation finished in less than one second
Estimated time to finish all simulations: 09:08 (less than one second)
Running simulation 140/391 (Maximum = 1490)
Simulation finished in less than one second
Estimated time to finish all simulations: 09:08 (less than one second)
Running simulation 141/391 (Maximum = 1500)
Simulation finished in less than one second
Estimated time to finish all simulations: 09:08 (less than one second)
Running simulation 142/391 (Maximum = 1510)
Simulation finished in less than one second
Estimated time to finish all simulations: 09:08 (less than one second)
Running simulation 143/391 (Maximum = 1520)
Simulation finished in less than one second
Estimated time to finish all simulations: 09:08 (less than one second)
Running simulation 144/391 (Maximum = 1530)
Simulation finished in less than one second
Estimated time to finish all simulations: 09:08 (less than one second)
Running simulation 145/391 (Maximum = 1540)
Simulation finished in less than one second
Estimated time to finish all simulations: 09:08 (less than one second)
Running simulation 146/391 (Maximum = 1550)
Simulation finished in less than one second
Estimated time to finish all simulations: 09:08 (less than one second)
Running simulation 147/391 (Maximum = 1560)
Simulation finished in less than one second
Estimated time to finish all simulations: 09:08 (less than one second)
Running simulation 148/391 (Maximum = 1570)
Simulation finished in less than one second
Estimated time to finish all simulations: 09:08 (less than one second)
Running simulation 149/391 (Maximum = 1580)
Simulation finished in less than one second
Estimated time to finish all simulations: 09:08 (less than one second)
Running simulation 150/391 (Maximum = 1590)
Simulation finished in less than one second
Estimated time to finish all simulations: 09:08 (less than one second)
Running simulation 151/391 (Maximum = 1600)
Simulation finished in less than one second
Estimated time to finish all simulations: 09:08 (less than one second)
Running simulation 152/391 (Maximum = 1610)
Simulation finished in less than one second
Estimated time to finish all simulations: 09:08 (less than one second)
Running simulation 153/391 (Maximum = 1620)
Simulation finished in less than one second
Estimated time to finish all simulations: 09:08 (less than one second)
Running simulation 154/391 (Maximum = 1630)
Simulation finished in less than one second
Estimated time to finish all simulations: 09:08 (less than one second)
Running simulation 155/391 (Maximum = 1640)
Simulation finished in less than one second
Estimated time to finish all simulations: 09:08 (less than one second)
Running simulation 156/391 (Maximum = 1650)
Simulation finished in less than one second
Estimated time to finish all simulations: 09:08 (less than one second)
Running simulation 157/391 (Maximum = 1660)
Simulation finished in less than one second
Estimated time to finish all simulations: 09:08 (less than one second)
Running simulation 158/391 (Maximum = 1670)
Simulation finished in less than one second
Estimated time to finish all simulations: 09:08 (less than one second)
Running simulation 159/391 (Maximum = 1680)
Simulation finished in less than one second
Estimated time to finish all simulations: 09:08 (less than one second)
Running simulation 160/391 (Maximum = 1690)
Simulation finished in less than one second
Estimated time to finish all simulations: 09:08 (less than one second)
Running simulation 161/391 (Maximum = 1700)
Simulation finished in less than one second
Estimated time to finish all simulations: 09:08 (less than one second)
Running simulation 162/391 (Maximum = 1710)
Simulation finished in less than one second
Estimated time to finish all simulations: 09:08 (less than one second)
Running simulation 163/391 (Maximum = 1720)
Simulation finished in less than one second
Estimated time to finish all simulations: 09:08 (less than one second)
Running simulation 164/391 (Maximum = 1730)
Simulation finished in less than one second
Estimated time to finish all simulations: 09:08 (less than one second)
Running simulation 165/391 (Maximum = 1740)
Simulation finished in less than one second
Estimated time to finish all simulations: 09:08 (less than one second)
Running simulation 166/391 (Maximum = 1750)
Simulation finished in less than one second
Estimated time to finish all simulations: 09:08 (less than one second)
Running simulation 167/391 (Maximum = 1760)
Simulation finished in less than one second
Estimated time to finish all simulations: 09:08 (less than one second)
Running simulation 168/391 (Maximum = 1770)
Simulation finished in less than one second
Estimated time to finish all simulations: 09:08 (less than one second)
Running simulation 169/391 (Maximum = 1780)
Simulation finished in less than one second
Estimated time to finish all simulations: 09:08 (less than one second)
Running simulation 170/391 (Maximum = 1790)
Simulation finished in less than one second
Estimated time to finish all simulations: 09:08 (less than one second)
Running simulation 171/391 (Maximum = 1800)
Simulation finished in less than one second
Estimated time to finish all simulations: 09:08 (less than one second)
Running simulation 172/391 (Maximum = 1810)
Simulation finished in less than one second
Estimated time to finish all simulations: 09:08 (less than one second)
Running simulation 173/391 (Maximum = 1820)
Simulation finished in less than one second
Estimated time to finish all simulations: 09:08 (less than one second)
Running simulation 174/391 (Maximum = 1830)
Simulation finished in less than one second
Estimated time to finish all simulations: 09:08 (less than one second)
Running simulation 175/391 (Maximum = 1840)
Simulation finished in less than one second
Estimated time to finish all simulations: 09:08 (less than one second)
Running simulation 176/391 (Maximum = 1850)
Simulation finished in less than one second
Estimated time to finish all simulations: 09:08 (less than one second)
Running simulation 177/391 (Maximum = 1860)
Simulation finished in less than one second
Estimated time to finish all simulations: 09:08 (less than one second)
Running simulation 178/391 (Maximum = 1870)
Simulation finished in less than one second
Estimated time to finish all simulations: 09:08 (less than one second)
Running simulation 179/391 (Maximum = 1880)
Simulation finished in less than one second
Estimated time to finish all simulations: 09:08 (less than one second)
Running simulation 180/391 (Maximum = 1890)
Simulation finished in less than one second
Estimated time to finish all simulations: 09:08 (less than one second)
Running simulation 181/391 (Maximum = 1900)
Simulation finished in less than one second
Estimated time to finish all simulations: 09:08 (less than one second)
Running simulation 182/391 (Maximum = 1910)
Simulation finished in less than one second
Estimated time to finish all simulations: 09:08 (less than one second)
Running simulation 183/391 (Maximum = 1920)
Simulation finished in less than one second
Estimated time to finish all simulations: 09:08 (less than one second)
Running simulation 184/391 (Maximum = 1930)
Simulation finished in less than one second
Estimated time to finish all simulations: 09:08 (less than one second)
Running simulation 185/391 (Maximum = 1940)
Simulation finished in less than one second
Estimated time to finish all simulations: 09:08 (less than one second)
Running simulation 186/391 (Maximum = 1950)
Simulation finished in less than one second
Estimated time to finish all simulations: 09:08 (less than one second)
Running simulation 187/391 (Maximum = 1960)
Simulation finished in less than one second
Estimated time to finish all simulations: 09:08 (less than one second)
Running simulation 188/391 (Maximum = 1970)
Simulation finished in less than one second
Estimated time to finish all simulations: 09:08 (less than one second)
Running simulation 189/391 (Maximum = 1980)
Simulation finished in less than one second
Estimated time to finish all simulations: 09:08 (less than one second)
Running simulation 190/391 (Maximum = 1990)
Simulation finished in less than one second
Estimated time to finish all simulations: 09:08 (less than one second)
Running simulation 191/391 (Maximum = 2000)
Simulation finished in less than one second
Estimated time to finish all simulations: 09:08 (less than one second)
Running simulation 192/391 (Maximum = 2010)
Simulation finished in less than one second
Estimated time to finish all simulations: 09:08 (less than one second)
Running simulation 193/391 (Maximum = 2020)
Simulation finished in less than one second
Estimated time to finish all simulations: 09:08 (less than one second)
Running simulation 194/391 (Maximum = 2030)
Simulation finished in less than one second
Estimated time to finish all simulations: 09:08 (less than one second)
Running simulation 195/391 (Maximum = 2040)
Simulation finished in less than one second
Estimated time to finish all simulations: 09:08 (less than one second)
Running simulation 196/391 (Maximum = 2050)
Simulation finished in less than one second
Estimated time to finish all simulations: 09:08 (less than one second)
Running simulation 197/391 (Maximum = 2060)
Simulation finished in less than one second
Estimated time to finish all simulations: 09:08 (less than one second)
Running simulation 198/391 (Maximum = 2070)
Simulation finished in less than one second
Estimated time to finish all simulations: 09:08 (less than one second)
Running simulation 199/391 (Maximum = 2080)
Simulation finished in less than one second
Estimated time to finish all simulations: 09:08 (less than one second)
Running simulation 200/391 (Maximum = 2090)
Simulation finished in less than one second
Estimated time to finish all simulations: 09:08 (less than one second)
Running simulation 201/391 (Maximum = 2100)
Simulation finished in less than one second
Estimated time to finish all simulations: 09:08 (less than one second)
Running simulation 202/391 (Maximum = 2110)
Simulation finished in less than one second
Estimated time to finish all simulations: 09:08 (less than one second)
Running simulation 203/391 (Maximum = 2120)
Simulation finished in less than one second
Estimated time to finish all simulations: 09:08 (less than one second)
Running simulation 204/391 (Maximum = 2130)
Simulation finished in less than one second
Estimated time to finish all simulations: 09:08 (less than one second)
Running simulation 205/391 (Maximum = 2140)
Simulation finished in less than one second
Estimated time to finish all simulations: 09:08 (less than one second)
Running simulation 206/391 (Maximum = 2150)
Simulation finished in less than one second
Estimated time to finish all simulations: 09:08 (less than one second)
Running simulation 207/391 (Maximum = 2160)
Simulation finished in less than one second
Estimated time to finish all simulations: 09:08 (less than one second)
Running simulation 208/391 (Maximum = 2170)
Simulation finished in less than one second
Estimated time to finish all simulations: 09:08 (less than one second)
Running simulation 209/391 (Maximum = 2180)
Simulation finished in less than one second
Estimated time to finish all simulations: 09:08 (less than one second)
Running simulation 210/391 (Maximum = 2190)
Simulation finished in less than one second
Estimated time to finish all simulations: 09:08 (less than one second)
Running simulation 211/391 (Maximum = 2200)
Simulation finished in less than one second
Estimated time to finish all simulations: 09:08 (less than one second)
Running simulation 212/391 (Maximum = 2210)
Simulation finished in less than one second
Estimated time to finish all simulations: 09:08 (less than one second)
Running simulation 213/391 (Maximum = 2220)
Simulation finished in less than one second
Estimated time to finish all simulations: 09:08 (less than one second)
Running simulation 214/391 (Maximum = 2230)
Simulation finished in less than one second
Estimated time to finish all simulations: 09:08 (less than one second)
Running simulation 215/391 (Maximum = 2240)
Simulation finished in less than one second
Estimated time to finish all simulations: 09:08 (less than one second)
Running simulation 216/391 (Maximum = 2250)
Simulation finished in less than one second
Estimated time to finish all simulations: 09:08 (less than one second)
Running simulation 217/391 (Maximum = 2260)
Simulation finished in less than one second
Estimated time to finish all simulations: 09:08 (less than one second)
Running simulation 218/391 (Maximum = 2270)
Simulation finished in less than one second
Estimated time to finish all simulations: 09:08 (less than one second)
Running simulation 219/391 (Maximum = 2280)
Simulation finished in less than one second
Estimated time to finish all simulations: 09:08 (less than one second)
Running simulation 220/391 (Maximum = 2290)
Simulation finished in less than one second
Estimated time to finish all simulations: 09:08 (less than one second)
Running simulation 221/391 (Maximum = 2300)
Simulation finished in less than one second
Estimated time to finish all simulations: 09:08 (less than one second)
Running simulation 222/391 (Maximum = 2310)
Simulation finished in less than one second
Estimated time to finish all simulations: 09:08 (less than one second)
Running simulation 223/391 (Maximum = 2320)
Simulation finished in less than one second
Estimated time to finish all simulations: 09:08 (less than one second)
Running simulation 224/391 (Maximum = 2330)
Simulation finished in less than one second
Estimated time to finish all simulations: 09:08 (less than one second)
Running simulation 225/391 (Maximum = 2340)
Simulation finished in less than one second
Estimated time to finish all simulations: 09:08 (less than one second)
Running simulation 226/391 (Maximum = 2350)
Simulation finished in less than one second
Estimated time to finish all simulations: 09:08 (less than one second)
Running simulation 227/391 (Maximum = 2360)
Simulation finished in less than one second
Estimated time to finish all simulations: 09:08 (less than one second)
Running simulation 228/391 (Maximum = 2370)
Simulation finished in less than one second
Estimated time to finish all simulations: 09:08 (less than one second)
Running simulation 229/391 (Maximum = 2380)
Simulation finished in less than one second
Estimated time to finish all simulations: 09:08 (less than one second)
Running simulation 230/391 (Maximum = 2390)
Simulation finished in less than one second
Estimated time to finish all simulations: 09:08 (less than one second)
Running simulation 231/391 (Maximum = 2400)
Simulation finished in less than one second
Estimated time to finish all simulations: 09:08 (less than one second)
Running simulation 232/391 (Maximum = 2410)
Simulation finished in less than one second
Estimated time to finish all simulations: 09:08 (less than one second)
Running simulation 233/391 (Maximum = 2420)
Simulation finished in less than one second
Estimated time to finish all simulations: 09:08 (less than one second)
Running simulation 234/391 (Maximum = 2430)
Simulation finished in less than one second
Estimated time to finish all simulations: 09:08 (less than one second)
Running simulation 235/391 (Maximum = 2440)
Simulation finished in less than one second
Estimated time to finish all simulations: 09:08 (less than one second)
Running simulation 236/391 (Maximum = 2450)
Simulation finished in less than one second
Estimated time to finish all simulations: 09:08 (less than one second)
Running simulation 237/391 (Maximum = 2460)
Simulation finished in less than one second
Estimated time to finish all simulations: 09:08 (less than one second)
Running simulation 238/391 (Maximum = 2470)
Simulation finished in less than one second
Estimated time to finish all simulations: 09:08 (less than one second)
Running simulation 239/391 (Maximum = 2480)
Simulation finished in less than one second
Estimated time to finish all simulations: 09:08 (less than one second)
Running simulation 240/391 (Maximum = 2490)
Simulation finished in less than one second
Estimated time to finish all simulations: 09:08 (less than one second)
Running simulation 241/391 (Maximum = 2500)
Simulation finished in less than one second
Estimated time to finish all simulations: 09:08 (less than one second)
Running simulation 242/391 (Maximum = 2510)
Simulation finished in less than one second
Estimated time to finish all simulations: 09:08 (less than one second)
Running simulation 243/391 (Maximum = 2520)
Simulation finished in less than one second
Estimated time to finish all simulations: 09:08 (less than one second)
Running simulation 244/391 (Maximum = 2530)
Simulation finished in less than one second
Estimated time to finish all simulations: 09:08 (less than one second)
Running simulation 245/391 (Maximum = 2540)
Simulation finished in less than one second
Estimated time to finish all simulations: 09:08 (less than one second)
Running simulation 246/391 (Maximum = 2550)
Simulation finished in less than one second
Estimated time to finish all simulations: 09:08 (less than one second)
Running simulation 247/391 (Maximum = 2560)
Simulation finished in less than one second
Estimated time to finish all simulations: 09:08 (less than one second)
Running simulation 248/391 (Maximum = 2570)
Simulation finished in less than one second
Estimated time to finish all simulations: 09:08 (less than one second)
Running simulation 249/391 (Maximum = 2580)
Simulation finished in less than one second
Estimated time to finish all simulations: 09:08 (less than one second)
Running simulation 250/391 (Maximum = 2590)
Simulation finished in less than one second
Estimated time to finish all simulations: 09:08 (less than one second)
Running simulation 251/391 (Maximum = 2600)
Simulation finished in less than one second
Estimated time to finish all simulations: 09:08 (less than one second)
Running simulation 252/391 (Maximum = 2610)
Simulation finished in less than one second
Estimated time to finish all simulations: 09:08 (less than one second)
Running simulation 253/391 (Maximum = 2620)
Simulation finished in less than one second
Estimated time to finish all simulations: 09:08 (less than one second)
Running simulation 254/391 (Maximum = 2630)
Simulation finished in less than one second
Estimated time to finish all simulations: 09:08 (less than one second)
Running simulation 255/391 (Maximum = 2640)
Simulation finished in less than one second
Estimated time to finish all simulations: 09:08 (less than one second)
Running simulation 256/391 (Maximum = 2650)
Simulation finished in less than one second
Estimated time to finish all simulations: 09:08 (less than one second)
Running simulation 257/391 (Maximum = 2660)
Simulation finished in less than one second
Estimated time to finish all simulations: 09:08 (less than one second)
Running simulation 258/391 (Maximum = 2670)
Simulation finished in less than one second
Estimated time to finish all simulations: 09:08 (less than one second)
Running simulation 259/391 (Maximum = 2680)
Simulation finished in less than one second
Estimated time to finish all simulations: 09:08 (less than one second)
Running simulation 260/391 (Maximum = 2690)
Simulation finished in less than one second
Estimated time to finish all simulations: 09:08 (less than one second)
Running simulation 261/391 (Maximum = 2700)
Simulation finished in less than one second
Estimated time to finish all simulations: 09:08 (less than one second)
Running simulation 262/391 (Maximum = 2710)
Simulation finished in less than one second
Estimated time to finish all simulations: 09:08 (less than one second)
Running simulation 263/391 (Maximum = 2720)
Simulation finished in less than one second
Estimated time to finish all simulations: 09:08 (less than one second)
Running simulation 264/391 (Maximum = 2730)
Simulation finished in less than one second
Estimated time to finish all simulations: 09:08 (less than one second)
Running simulation 265/391 (Maximum = 2740)
Simulation finished in less than one second
Estimated time to finish all simulations: 09:08 (less than one second)
Running simulation 266/391 (Maximum = 2750)
Simulation finished in less than one second
Estimated time to finish all simulations: 09:08 (less than one second)
Running simulation 267/391 (Maximum = 2760)
Simulation finished in less than one second
Estimated time to finish all simulations: 09:08 (less than one second)
Running simulation 268/391 (Maximum = 2770)
Simulation finished in less than one second
Estimated time to finish all simulations: 09:08 (less than one second)
Running simulation 269/391 (Maximum = 2780)
Simulation finished in less than one second
Estimated time to finish all simulations: 09:08 (less than one second)
Running simulation 270/391 (Maximum = 2790)
Simulation finished in less than one second
Estimated time to finish all simulations: 09:08 (less than one second)
Running simulation 271/391 (Maximum = 2800)
Simulation finished in less than one second
Estimated time to finish all simulations: 09:08 (less than one second)
Running simulation 272/391 (Maximum = 2810)
Simulation finished in less than one second
Estimated time to finish all simulations: 09:08 (less than one second)
Running simulation 273/391 (Maximum = 2820)
Simulation finished in less than one second
Estimated time to finish all simulations: 09:08 (less than one second)
Running simulation 274/391 (Maximum = 2830)
Simulation finished in less than one second
Estimated time to finish all simulations: 09:08 (less than one second)
Running simulation 275/391 (Maximum = 2840)
Simulation finished in less than one second
Estimated time to finish all simulations: 09:08 (less than one second)
Running simulation 276/391 (Maximum = 2850)
Simulation finished in less than one second
Estimated time to finish all simulations: 09:08 (less than one second)
Running simulation 277/391 (Maximum = 2860)
Simulation finished in less than one second
Estimated time to finish all simulations: 09:08 (less than one second)
Running simulation 278/391 (Maximum = 2870)
Simulation finished in less than one second
Estimated time to finish all simulations: 09:08 (less than one second)
Running simulation 279/391 (Maximum = 2880)
Simulation finished in less than one second
Estimated time to finish all simulations: 09:08 (less than one second)
Running simulation 280/391 (Maximum = 2890)
Simulation finished in less than one second
Estimated time to finish all simulations: 09:08 (less than one second)
Running simulation 281/391 (Maximum = 2900)
Simulation finished in less than one second
Estimated time to finish all simulations: 09:08 (less than one second)
Running simulation 282/391 (Maximum = 2910)
Simulation finished in less than one second
Estimated time to finish all simulations: 09:08 (less than one second)
Running simulation 283/391 (Maximum = 2920)
Simulation finished in less than one second
Estimated time to finish all simulations: 09:08 (less than one second)
Running simulation 284/391 (Maximum = 2930)
Simulation finished in less than one second
Estimated time to finish all simulations: 09:08 (less than one second)
Running simulation 285/391 (Maximum = 2940)
Simulation finished in less than one second
Estimated time to finish all simulations: 09:08 (less than one second)
Running simulation 286/391 (Maximum = 2950)
Simulation finished in less than one second
Estimated time to finish all simulations: 09:08 (less than one second)
Running simulation 287/391 (Maximum = 2960)
Simulation finished in less than one second
Estimated time to finish all simulations: 09:08 (less than one second)
Running simulation 288/391 (Maximum = 2970)
Simulation finished in less than one second
Estimated time to finish all simulations: 09:08 (less than one second)
Running simulation 289/391 (Maximum = 2980)
Simulation finished in less than one second
Estimated time to finish all simulations: 09:08 (less than one second)
Running simulation 290/391 (Maximum = 2990)
Simulation finished in less than one second
Estimated time to finish all simulations: 09:08 (less than one second)
Running simulation 291/391 (Maximum = 3000)
Simulation finished in less than one second
Estimated time to finish all simulations: 09:08 (less than one second)
Running simulation 292/391 (Maximum = 3010)
Simulation finished in less than one second
Estimated time to finish all simulations: 09:08 (less than one second)
Running simulation 293/391 (Maximum = 3020)
Simulation finished in less than one second
Estimated time to finish all simulations: 09:08 (less than one second)
Running simulation 294/391 (Maximum = 3030)
Simulation finished in less than one second
Estimated time to finish all simulations: 09:08 (less than one second)
Running simulation 295/391 (Maximum = 3040)
Simulation finished in less than one second
Estimated time to finish all simulations: 09:08 (less than one second)
Running simulation 296/391 (Maximum = 3050)
Simulation finished in less than one second
Estimated time to finish all simulations: 09:08 (less than one second)
Running simulation 297/391 (Maximum = 3060)
Simulation finished in less than one second
Estimated time to finish all simulations: 09:08 (less than one second)
Running simulation 298/391 (Maximum = 3070)
Simulation finished in less than one second
Estimated time to finish all simulations: 09:08 (less than one second)
Running simulation 299/391 (Maximum = 3080)
Simulation finished in less than one second
Estimated time to finish all simulations: 09:08 (less than one second)
Running simulation 300/391 (Maximum = 3090)
Simulation finished in less than one second
Estimated time to finish all simulations: 09:08 (less than one second)
Running simulation 301/391 (Maximum = 3100)
Simulation finished in less than one second
Estimated time to finish all simulations: 09:08 (less than one second)
Running simulation 302/391 (Maximum = 3110)
Simulation finished in less than one second
Estimated time to finish all simulations: 09:08 (less than one second)
Running simulation 303/391 (Maximum = 3120)
Simulation finished in less than one second
Estimated time to finish all simulations: 09:08 (less than one second)
Running simulation 304/391 (Maximum = 3130)
Simulation finished in less than one second
Estimated time to finish all simulations: 09:08 (less than one second)
Running simulation 305/391 (Maximum = 3140)
Simulation finished in less than one second
Estimated time to finish all simulations: 09:08 (less than one second)
Running simulation 306/391 (Maximum = 3150)
Simulation finished in less than one second
Estimated time to finish all simulations: 09:08 (less than one second)
Running simulation 307/391 (Maximum = 3160)
Simulation finished in less than one second
Estimated time to finish all simulations: 09:08 (less than one second)
Running simulation 308/391 (Maximum = 3170)
Simulation finished in less than one second
Estimated time to finish all simulations: 09:08 (less than one second)
Running simulation 309/391 (Maximum = 3180)
Simulation finished in less than one second
Estimated time to finish all simulations: 09:08 (less than one second)
Running simulation 310/391 (Maximum = 3190)
Simulation finished in less than one second
Estimated time to finish all simulations: 09:08 (less than one second)
Running simulation 311/391 (Maximum = 3200)
Simulation finished in less than one second
Estimated time to finish all simulations: 09:08 (less than one second)
Running simulation 312/391 (Maximum = 3210)
Simulation finished in less than one second
Estimated time to finish all simulations: 09:08 (less than one second)
Running simulation 313/391 (Maximum = 3220)
Simulation finished in less than one second
Estimated time to finish all simulations: 09:08 (less than one second)
Running simulation 314/391 (Maximum = 3230)
Simulation finished in less than one second
Estimated time to finish all simulations: 09:08 (less than one second)
Running simulation 315/391 (Maximum = 3240)
Simulation finished in less than one second
Estimated time to finish all simulations: 09:08 (less than one second)
Running simulation 316/391 (Maximum = 3250)
Simulation finished in less than one second
Estimated time to finish all simulations: 09:08 (less than one second)
Running simulation 317/391 (Maximum = 3260)
Simulation finished in less than one second
Estimated time to finish all simulations: 09:08 (less than one second)
Running simulation 318/391 (Maximum = 3270)
Simulation finished in less than one second
Estimated time to finish all simulations: 09:08 (less than one second)
Running simulation 319/391 (Maximum = 3280)
Simulation finished in less than one second
Estimated time to finish all simulations: 09:08 (less than one second)
Running simulation 320/391 (Maximum = 3290)
Simulation finished in less than one second
Estimated time to finish all simulations: 09:08 (less than one second)
Running simulation 321/391 (Maximum = 3300)
Simulation finished in less than one second
Estimated time to finish all simulations: 09:08 (less than one second)
Running simulation 322/391 (Maximum = 3310)
Simulation finished in less than one second
Estimated time to finish all simulations: 09:08 (less than one second)
Running simulation 323/391 (Maximum = 3320)
Simulation finished in less than one second
Estimated time to finish all simulations: 09:08 (less than one second)
Running simulation 324/391 (Maximum = 3330)
Simulation finished in less than one second
Estimated time to finish all simulations: 09:08 (less than one second)
Running simulation 325/391 (Maximum = 3340)
Simulation finished in less than one second
Estimated time to finish all simulations: 09:08 (less than one second)
Running simulation 326/391 (Maximum = 3350)
Simulation finished in less than one second
Estimated time to finish all simulations: 09:08 (less than one second)
Running simulation 327/391 (Maximum = 3360)
Simulation finished in less than one second
Estimated time to finish all simulations: 09:08 (less than one second)
Running simulation 328/391 (Maximum = 3370)
Simulation finished in less than one second
Estimated time to finish all simulations: 09:08 (less than one second)
Running simulation 329/391 (Maximum = 3380)
Simulation finished in less than one second
Estimated time to finish all simulations: 09:08 (less than one second)
Running simulation 330/391 (Maximum = 3390)
Simulation finished in less than one second
Estimated time to finish all simulations: 09:08 (less than one second)
Running simulation 331/391 (Maximum = 3400)
Simulation finished in less than one second
Estimated time to finish all simulations: 09:08 (less than one second)
Running simulation 332/391 (Maximum = 3410)
Simulation finished in less than one second
Estimated time to finish all simulations: 09:08 (less than one second)
Running simulation 333/391 (Maximum = 3420)
Simulation finished in less than one second
Estimated time to finish all simulations: 09:08 (less than one second)
Running simulation 334/391 (Maximum = 3430)
Simulation finished in less than one second
Estimated time to finish all simulations: 09:08 (less than one second)
Running simulation 335/391 (Maximum = 3440)
Simulation finished in less than one second
Estimated time to finish all simulations: 09:08 (less than one second)
Running simulation 336/391 (Maximum = 3450)
Simulation finished in less than one second
Estimated time to finish all simulations: 09:08 (less than one second)
Running simulation 337/391 (Maximum = 3460)
Simulation finished in less than one second
Estimated time to finish all simulations: 09:08 (less than one second)
Running simulation 338/391 (Maximum = 3470)
Simulation finished in less than one second
Estimated time to finish all simulations: 09:08 (less than one second)
Running simulation 339/391 (Maximum = 3480)
Simulation finished in less than one second
Estimated time to finish all simulations: 09:08 (less than one second)
Running simulation 340/391 (Maximum = 3490)
Simulation finished in less than one second
Estimated time to finish all simulations: 09:08 (less than one second)
Running simulation 341/391 (Maximum = 3500)
Simulation finished in less than one second
Estimated time to finish all simulations: 09:08 (less than one second)
Running simulation 342/391 (Maximum = 3510)
Simulation finished in less than one second
Estimated time to finish all simulations: 09:08 (less than one second)
Running simulation 343/391 (Maximum = 3520)
Simulation finished in less than one second
Estimated time to finish all simulations: 09:08 (less than one second)
Running simulation 344/391 (Maximum = 3530)
Simulation finished in less than one second
Estimated time to finish all simulations: 09:08 (less than one second)
Running simulation 345/391 (Maximum = 3540)
Simulation finished in less than one second
Estimated time to finish all simulations: 09:08 (less than one second)
Running simulation 346/391 (Maximum = 3550)
Simulation finished in less than one second
Estimated time to finish all simulations: 09:08 (less than one second)
Running simulation 347/391 (Maximum = 3560)
Simulation finished in less than one second
Estimated time to finish all simulations: 09:08 (less than one second)
Running simulation 348/391 (Maximum = 3570)
Simulation finished in less than one second
Estimated time to finish all simulations: 09:08 (less than one second)
Running simulation 349/391 (Maximum = 3580)
Simulation finished in less than one second
Estimated time to finish all simulations: 09:08 (less than one second)
Running simulation 350/391 (Maximum = 3590)
Simulation finished in less than one second
Estimated time to finish all simulations: 09:08 (less than one second)
Running simulation 351/391 (Maximum = 3600)
Simulation finished in less than one second
Estimated time to finish all simulations: 09:08 (less than one second)
Running simulation 352/391 (Maximum = 3610)
Simulation finished in less than one second
Estimated time to finish all simulations: 09:08 (less than one second)
Running simulation 353/391 (Maximum = 3620)
Simulation finished in less than one second
Estimated time to finish all simulations: 09:08 (less than one second)
Running simulation 354/391 (Maximum = 3630)
Simulation finished in less than one second
Estimated time to finish all simulations: 09:08 (less than one second)
Running simulation 355/391 (Maximum = 3640)
Simulation finished in less than one second
Estimated time to finish all simulations: 09:08 (less than one second)
Running simulation 356/391 (Maximum = 3650)
Simulation finished in less than one second
Estimated time to finish all simulations: 09:08 (less than one second)
Running simulation 357/391 (Maximum = 3660)
Simulation finished in less than one second
Estimated time to finish all simulations: 09:08 (less than one second)
Running simulation 358/391 (Maximum = 3670)
Simulation finished in less than one second
Estimated time to finish all simulations: 09:08 (less than one second)
Running simulation 359/391 (Maximum = 3680)
Simulation finished in less than one second
Estimated time to finish all simulations: 09:08 (less than one second)
Running simulation 360/391 (Maximum = 3690)
Simulation finished in less than one second
Estimated time to finish all simulations: 09:08 (less than one second)
Running simulation 361/391 (Maximum = 3700)
Simulation finished in less than one second
Estimated time to finish all simulations: 09:08 (less than one second)
Running simulation 362/391 (Maximum = 3710)
Simulation finished in less than one second
Estimated time to finish all simulations: 09:08 (less than one second)
Running simulation 363/391 (Maximum = 3720)
Simulation finished in less than one second
Estimated time to finish all simulations: 09:08 (less than one second)
Running simulation 364/391 (Maximum = 3730)
Simulation finished in less than one second
Estimated time to finish all simulations: 09:08 (less than one second)
Running simulation 365/391 (Maximum = 3740)
Simulation finished in less than one second
Estimated time to finish all simulations: 09:08 (less than one second)
Running simulation 366/391 (Maximum = 3750)
Simulation finished in less than one second
Estimated time to finish all simulations: 09:08 (less than one second)
Running simulation 367/391 (Maximum = 3760)
Simulation finished in less than one second
Estimated time to finish all simulations: 09:08 (less than one second)
Running simulation 368/391 (Maximum = 3770)
Simulation finished in less than one second
Estimated time to finish all simulations: 09:08 (less than one second)
Running simulation 369/391 (Maximum = 3780)
Simulation finished in less than one second
Estimated time to finish all simulations: 09:08 (less than one second)
Running simulation 370/391 (Maximum = 3790)
Simulation finished in less than one second
Estimated time to finish all simulations: 09:08 (less than one second)
Running simulation 371/391 (Maximum = 3800)
Simulation finished in less than one second
Estimated time to finish all simulations: 09:08 (less than one second)
Running simulation 372/391 (Maximum = 3810)
Simulation finished in less than one second
Estimated time to finish all simulations: 09:08 (less than one second)
Running simulation 373/391 (Maximum = 3820)
Simulation finished in less than one second
Estimated time to finish all simulations: 09:08 (less than one second)
Running simulation 374/391 (Maximum = 3830)
Simulation finished in less than one second
Estimated time to finish all simulations: 09:08 (less than one second)
Running simulation 375/391 (Maximum = 3840)
Simulation finished in less than one second
Estimated time to finish all simulations: 09:08 (less than one second)
Running simulation 376/391 (Maximum = 3850)
Simulation finished in less than one second
Estimated time to finish all simulations: 09:08 (less than one second)
Running simulation 377/391 (Maximum = 3860)
Simulation finished in less than one second
Estimated time to finish all simulations: 09:08 (less than one second)
Running simulation 378/391 (Maximum = 3870)
Simulation finished in less than one second
Estimated time to finish all simulations: 09:08 (less than one second)
Running simulation 379/391 (Maximum = 3880)
Simulation finished in less than one second
Estimated time to finish all simulations: 09:08 (less than one second)
Running simulation 380/391 (Maximum = 3890)
Simulation finished in less than one second
Estimated time to finish all simulations: 09:08 (less than one second)
Running simulation 381/391 (Maximum = 3900)
Simulation finished in less than one second
Estimated time to finish all simulations: 09:08 (less than one second)
Running simulation 382/391 (Maximum = 3910)
Simulation finished in less than one second
Estimated time to finish all simulations: 09:08 (less than one second)
Running simulation 383/391 (Maximum = 3920)
Simulation finished in less than one second
Estimated time to finish all simulations: 09:08 (less than one second)
Running simulation 384/391 (Maximum = 3930)
Simulation finished in less than one second
Estimated time to finish all simulations: 09:08 (less than one second)
Running simulation 385/391 (Maximum = 3940)
Simulation finished in less than one second
Estimated time to finish all simulations: 09:08 (less than one second)
Running simulation 386/391 (Maximum = 3950)
Simulation finished in less than one second
Estimated time to finish all simulations: 09:08 (less than one second)
Running simulation 387/391 (Maximum = 3960)
Simulation finished in less than one second
Estimated time to finish all simulations: 09:08 (less than one second)
Running simulation 388/391 (Maximum = 3970)
Simulation finished in less than one second
Estimated time to finish all simulations: 09:08 (less than one second)
Running simulation 389/391 (Maximum = 3980)
Simulation finished in less than one second
Estimated time to finish all simulations: 09:08 (less than one second)
Running simulation 390/391 (Maximum = 3990)
Simulation finished in less than one second
Estimated time to finish all simulations: 09:08 (less than one second)
Running simulation 391/391 (Maximum = 4000)
Simulation finished in less than one second
Estimated time to finish all simulations: 09:08 (less than one second)
